# JRE version: OpenJDK Runtime Environment (17.0.6) (build 17.0.6+0-b2043.56-10027231)
# Java VM: OpenJDK 64-Bit Server VM (17.0.6+0-b2043.56-10027231, mixed mode, tiered, compressed oops, compressed class ptrs, g1 gc, windows-amd64)
GC Precious Log:
 CPUs: 8 total, 8 available
 Memory: 14222M
 Large Page Support: Disabled
 NUMA Support: Disabled
 Compressed Oops: Enabled (32-bit)
 Heap Region Size: 1M
 Heap Min Capacity: 8M
 Heap Initial Capacity: 224M
 Heap Max Capacity: 2G
 Pre-touch: Disabled
 Parallel Workers: 8
 Concurrent Workers: 2
 Concurrent Refinement Workers: 8
 Periodic GC: Disabled
Heap:
 garbage-first heap   total 193536K, used 148179K [0x0000000080000000, 0x0000000100000000)
  region size 1024K, 46 young (47104K), 1 survivors (1024K)
 Metaspace       used 76025K, committed 76736K, reserved 1122304K
  class space    used 10068K, committed 10368K, reserved 1048576K
GC Heap History (20 events):
Event: 8.349 GC heap before
{Heap before GC invocations=25 (full 0):
 garbage-first heap   total 129024K, used 98672K [0x0000000080000000, 0x0000000100000000)
  region size 1024K, 29 young (29696K), 2 survivors (2048K)
 Metaspace       used 54074K, committed 54720K, reserved 1097728K
  class space    used 7216K, committed 7488K, reserved 1048576K
}
Event: 8.352 GC heap after
{Heap after GC invocations=26 (full 0):
 garbage-first heap   total 129024K, used 75431K [0x0000000080000000, 0x0000000100000000)
  region size 1024K, 4 young (4096K), 4 survivors (4096K)
 Metaspace       used 54074K, committed 54720K, reserved 1097728K
  class space    used 7216K, committed 7488K, reserved 1048576K
}
Event: 8.513 GC heap before
{Heap before GC invocations=26 (full 0):
 garbage-first heap   total 129024K, used 81575K [0x0000000080000000, 0x0000000100000000)
  region size 1024K, 12 young (12288K), 4 survivors (4096K)
 Metaspace       used 54363K, committed 54912K, reserved 1097728K
  class space    used 7259K, committed 7488K, reserved 1048576K
}
Event: 8.518 GC heap after
{Heap after GC invocations=27 (full 0):
 garbage-first heap   total 129024K, used 76959K [0x0000000080000000, 0x0000000100000000)
  region size 1024K, 2 young (2048K), 2 survivors (2048K)
 Metaspace       used 54363K, committed 54912K, reserved 1097728K
  class space    used 7259K, committed 7488K, reserved 1048576K
}
Event: 9.067 GC heap before
{Heap before GC invocations=28 (full 0):
 garbage-first heap   total 138240K, used 110751K [0x0000000080000000, 0x0000000100000000)
  region size 1024K, 26 young (26624K), 2 survivors (2048K)
 Metaspace       used 56175K, committed 56768K, reserved 1105920K
  class space    used 7513K, committed 7744K, reserved 1048576K
}
Event: 9.071 GC heap after
{Heap after GC invocations=29 (full 0):
 garbage-first heap   total 138240K, used 93053K [0x0000000080000000, 0x0000000100000000)
  region size 1024K, 4 young (4096K), 4 survivors (4096K)
 Metaspace       used 56175K, committed 56768K, reserved 1105920K
  class space    used 7513K, committed 7744K, reserved 1048576K
}
Event: 9.113 GC heap before
{Heap before GC invocations=29 (full 0):
 garbage-first heap   total 138240K, used 95101K [0x0000000080000000, 0x0000000100000000)
  region size 1024K, 6 young (6144K), 4 survivors (4096K)
 Metaspace       used 56453K, committed 57088K, reserved 1105920K
  class space    used 7553K, committed 7808K, reserved 1048576K
}
Event: 9.115 GC heap after
{Heap after GC invocations=30 (full 0):
 garbage-first heap   total 138240K, used 93053K [0x0000000080000000, 0x0000000100000000)
  region size 1024K, 1 young (1024K), 1 survivors (1024K)
 Metaspace       used 56453K, committed 57088K, reserved 1105920K
  class space    used 7553K, committed 7808K, reserved 1048576K
}
Event: 9.432 GC heap before
{Heap before GC invocations=30 (full 0):
 garbage-first heap   total 138240K, used 110461K [0x0000000080000000, 0x0000000100000000)
  region size 1024K, 19 young (19456K), 1 survivors (1024K)
 Metaspace       used 59426K, committed 60032K, reserved 1105920K
  class space    used 7922K, committed 8192K, reserved 1048576K
}
Event: 9.434 GC heap after
{Heap after GC invocations=31 (full 0):
 garbage-first heap   total 138240K, used 93453K [0x0000000080000000, 0x0000000100000000)
  region size 1024K, 1 young (1024K), 1 survivors (1024K)
 Metaspace       used 59426K, committed 60032K, reserved 1105920K
  class space    used 7922K, committed 8192K, reserved 1048576K
}
Event: 9.833 GC heap before
{Heap before GC invocations=32 (full 0):
 garbage-first heap   total 160768K, used 112909K [0x0000000080000000, 0x0000000100000000)
  region size 1024K, 20 young (20480K), 1 survivors (1024K)
 Metaspace       used 62474K, committed 63104K, reserved 1105920K
  class space    used 8283K, committed 8512K, reserved 1048576K
}
Event: 9.837 GC heap after
{Heap after GC invocations=33 (full 0):
 garbage-first heap   total 193536K, used 94369K [0x0000000080000000, 0x0000000100000000)
  region size 1024K, 2 young (2048K), 2 survivors (2048K)
 Metaspace       used 62474K, committed 63104K, reserved 1105920K
  class space    used 8283K, committed 8512K, reserved 1048576K
}
Event: 10.028 GC heap before
{Heap before GC invocations=33 (full 0):
 garbage-first heap   total 193536K, used 101537K [0x0000000080000000, 0x0000000100000000)
  region size 1024K, 9 young (9216K), 2 survivors (2048K)
 Metaspace       used 64194K, committed 64832K, reserved 1105920K
  class space    used 8525K, committed 8768K, reserved 1048576K
}
Event: 10.031 GC heap after
{Heap after GC invocations=34 (full 0):
 garbage-first heap   total 193536K, used 94570K [0x0000000080000000, 0x0000000100000000)
  region size 1024K, 2 young (2048K), 2 survivors (2048K)
 Metaspace       used 64194K, committed 64832K, reserved 1105920K
  class space    used 8525K, committed 8768K, reserved 1048576K
}
Event: 10.719 GC heap before
{Heap before GC invocations=34 (full 0):
 garbage-first heap   total 193536K, used 149866K [0x0000000080000000, 0x0000000100000000)
  region size 1024K, 50 young (51200K), 2 survivors (2048K)
 Metaspace       used 68793K, committed 69440K, reserved 1114112K
  class space    used 9107K, committed 9408K, reserved 1048576K
}
Event: 10.724 GC heap after
{Heap after GC invocations=35 (full 0):
 garbage-first heap   total 193536K, used 99297K [0x0000000080000000, 0x0000000100000000)
  region size 1024K, 7 young (7168K), 7 survivors (7168K)
 Metaspace       used 68793K, committed 69440K, reserved 1114112K
  class space    used 9107K, committed 9408K, reserved 1048576K
}
Event: 11.559 GC heap before
{Heap before GC invocations=36 (full 0):
 garbage-first heap   total 193536K, used 149473K [0x0000000080000000, 0x0000000100000000)
  region size 1024K, 56 young (57344K), 7 survivors (7168K)
 Metaspace       used 73325K, committed 73984K, reserved 1114112K
  class space    used 9708K, committed 9984K, reserved 1048576K
}
Event: 11.565 GC heap after
{Heap after GC invocations=37 (full 0):
 garbage-first heap   total 193536K, used 103238K [0x0000000080000000, 0x0000000100000000)
  region size 1024K, 4 young (4096K), 4 survivors (4096K)
 Metaspace       used 73325K, committed 73984K, reserved 1114112K
  class space    used 9708K, committed 9984K, reserved 1048576K
}
Event: 11.594 GC heap before
{Heap before GC invocations=37 (full 0):
 garbage-first heap   total 193536K, used 108358K [0x0000000080000000, 0x0000000100000000)
  region size 1024K, 9 young (9216K), 4 survivors (4096K)
 Metaspace       used 73325K, committed 73984K, reserved 1114112K
  class space    used 9708K, committed 9984K, reserved 1048576K
}
Event: 11.599 GC heap after
{Heap after GC invocations=38 (full 0):
 garbage-first heap   total 193536K, used 103123K [0x0000000080000000, 0x0000000100000000)
  region size 1024K, 1 young (1024K), 1 survivors (1024K)
 Metaspace       used 73325K, committed 73984K, reserved 1114112K
  class space    used 9708K, committed 9984K, reserved 1048576K
}

