# JRE version: OpenJDK Runtime Environment (17.0.11) (build 17.0.11+0--11852314)
# Java VM: OpenJDK 64-Bit Server VM (17.0.11+0--11852314, mixed mode, tiered, compressed oops, compressed class ptrs, g1 gc, windows-amd64)
GC Precious Log:
 CPUs: 8 total, 8 available
 Memory: 14222M
 Large Page Support: Disabled
 NUMA Support: Disabled
 Compressed Oops: Enabled (32-bit)
 Heap Region Size: 1M
 Heap Min Capacity: 8M
 Heap Initial Capacity: 224M
 Heap Max Capacity: 2G
 Pre-touch: Disabled
 Parallel Workers: 8
 Concurrent Workers: 2
 Concurrent Refinement Workers: 8
 Periodic GC: Disabled
Heap:
 garbage-first heap   total 247808K, used 198898K [0x0000000080000000, 0x0000000100000000)
  region size 1024K, 37 young (37888K), 2 survivors (2048K)
 Metaspace       used 119264K, committed 120000K, reserved 1179648K
  class space    used 16064K, committed 16384K, reserved 1048576K
GC Heap History (20 events):
Event: 42.442 GC heap before
{Heap before GC invocations=71 (full 0):
 garbage-first heap   total 184320K, used 158464K [0x0000000080000000, 0x0000000100000000)
  region size 1024K, 29 young (29696K), 4 survivors (4096K)
 Metaspace       used 91867K, committed 92608K, reserved 1179648K
  class space    used 12437K, committed 12800K, reserved 1048576K
}
Event: 42.446 GC heap after
{Heap after GC invocations=72 (full 0):
 garbage-first heap   total 184320K, used 133461K [0x0000000080000000, 0x0000000100000000)
  region size 1024K, 2 young (2048K), 2 survivors (2048K)
 Metaspace       used 91867K, committed 92608K, reserved 1179648K
  class space    used 12437K, committed 12800K, reserved 1048576K
}
Event: 42.875 GC heap before
{Heap before GC invocations=72 (full 0):
 garbage-first heap   total 184320K, used 160085K [0x0000000080000000, 0x0000000100000000)
  region size 1024K, 28 young (28672K), 2 survivors (2048K)
 Metaspace       used 94002K, committed 94720K, reserved 1179648K
  class space    used 12776K, committed 13120K, reserved 1048576K
}
Event: 42.879 GC heap after
{Heap after GC invocations=73 (full 0):
 garbage-first heap   total 184320K, used 134869K [0x0000000080000000, 0x0000000100000000)
  region size 1024K, 4 young (4096K), 4 survivors (4096K)
 Metaspace       used 94002K, committed 94720K, reserved 1179648K
  class space    used 12776K, committed 13120K, reserved 1048576K
}
Event: 43.276 GC heap before
{Heap before GC invocations=73 (full 0):
 garbage-first heap   total 184320K, used 158421K [0x0000000080000000, 0x0000000100000000)
  region size 1024K, 28 young (28672K), 4 survivors (4096K)
 Metaspace       used 96342K, committed 97088K, reserved 1179648K
  class space    used 13134K, committed 13504K, reserved 1048576K
}
Event: 43.280 GC heap after
{Heap after GC invocations=74 (full 0):
 garbage-first heap   total 184320K, used 135729K [0x0000000080000000, 0x0000000100000000)
  region size 1024K, 3 young (3072K), 3 survivors (3072K)
 Metaspace       used 96342K, committed 97088K, reserved 1179648K
  class space    used 13134K, committed 13504K, reserved 1048576K
}
Event: 43.613 GC heap before
{Heap before GC invocations=74 (full 0):
 garbage-first heap   total 184320K, used 159281K [0x0000000080000000, 0x0000000100000000)
  region size 1024K, 27 young (27648K), 3 survivors (3072K)
 Metaspace       used 98937K, committed 99712K, reserved 1179648K
  class space    used 13480K, committed 13888K, reserved 1048576K
}
Event: 43.617 GC heap after
{Heap after GC invocations=75 (full 0):
 garbage-first heap   total 184320K, used 136518K [0x0000000080000000, 0x0000000100000000)
  region size 1024K, 2 young (2048K), 2 survivors (2048K)
 Metaspace       used 98937K, committed 99712K, reserved 1179648K
  class space    used 13480K, committed 13888K, reserved 1048576K
}
Event: 44.001 GC heap before
{Heap before GC invocations=75 (full 0):
 garbage-first heap   total 184320K, used 160070K [0x0000000080000000, 0x0000000100000000)
  region size 1024K, 26 young (26624K), 2 survivors (2048K)
 Metaspace       used 100815K, committed 101504K, reserved 1179648K
  class space    used 13754K, committed 14080K, reserved 1048576K
}
Event: 44.004 GC heap after
{Heap after GC invocations=76 (full 0):
 garbage-first heap   total 184320K, used 137486K [0x0000000080000000, 0x0000000100000000)
  region size 1024K, 3 young (3072K), 3 survivors (3072K)
 Metaspace       used 100815K, committed 101504K, reserved 1179648K
  class space    used 13754K, committed 14080K, reserved 1048576K
}
Event: 44.282 GC heap before
{Heap before GC invocations=76 (full 0):
 garbage-first heap   total 184320K, used 162062K [0x0000000080000000, 0x0000000100000000)
  region size 1024K, 25 young (25600K), 3 survivors (3072K)
 Metaspace       used 102269K, committed 103104K, reserved 1179648K
  class space    used 13889K, committed 14272K, reserved 1048576K
}
Event: 44.287 GC heap after
{Heap after GC invocations=77 (full 0):
 garbage-first heap   total 184320K, used 144874K [0x0000000080000000, 0x0000000100000000)
  region size 1024K, 4 young (4096K), 4 survivors (4096K)
 Metaspace       used 102269K, committed 103104K, reserved 1179648K
  class space    used 13889K, committed 14272K, reserved 1048576K
}
Event: 44.593 GC heap before
{Heap before GC invocations=78 (full 0):
 garbage-first heap   total 247808K, used 167402K [0x0000000080000000, 0x0000000100000000)
  region size 1024K, 16 young (16384K), 4 survivors (4096K)
 Metaspace       used 104010K, committed 104768K, reserved 1179648K
  class space    used 14027K, committed 14400K, reserved 1048576K
}
Event: 44.598 GC heap after
{Heap after GC invocations=79 (full 0):
 garbage-first heap   total 247808K, used 153799K [0x0000000080000000, 0x0000000100000000)
  region size 1024K, 2 young (2048K), 2 survivors (2048K)
 Metaspace       used 104010K, committed 104768K, reserved 1179648K
  class space    used 14027K, committed 14400K, reserved 1048576K
}
Event: 44.850 GC heap before
{Heap before GC invocations=79 (full 0):
 garbage-first heap   total 247808K, used 164039K [0x0000000080000000, 0x0000000100000000)
  region size 1024K, 12 young (12288K), 2 survivors (2048K)
 Metaspace       used 105235K, committed 105920K, reserved 1179648K
  class space    used 14252K, committed 14592K, reserved 1048576K
}
Event: 44.852 GC heap after
{Heap after GC invocations=80 (full 0):
 garbage-first heap   total 247808K, used 154751K [0x0000000080000000, 0x0000000100000000)
  region size 1024K, 2 young (2048K), 2 survivors (2048K)
 Metaspace       used 105235K, committed 105920K, reserved 1179648K
  class space    used 14252K, committed 14592K, reserved 1048576K
}
Event: 45.622 GC heap before
{Heap before GC invocations=80 (full 0):
 garbage-first heap   total 247808K, used 212095K [0x0000000080000000, 0x0000000100000000)
  region size 1024K, 56 young (57344K), 2 survivors (2048K)
 Metaspace       used 109743K, committed 110592K, reserved 1179648K
  class space    used 14837K, committed 15232K, reserved 1048576K
}
Event: 45.628 GC heap after
{Heap after GC invocations=81 (full 0):
 garbage-first heap   total 247808K, used 162347K [0x0000000080000000, 0x0000000100000000)
  region size 1024K, 6 young (6144K), 6 survivors (6144K)
 Metaspace       used 109743K, committed 110592K, reserved 1179648K
  class space    used 14837K, committed 15232K, reserved 1048576K
}
Event: 46.397 GC heap before
{Heap before GC invocations=81 (full 0):
 garbage-first heap   total 247808K, used 211499K [0x0000000080000000, 0x0000000100000000)
  region size 1024K, 53 young (54272K), 6 survivors (6144K)
 Metaspace       used 115102K, committed 115904K, reserved 1179648K
  class space    used 15562K, committed 15936K, reserved 1048576K
}
Event: 46.403 GC heap after
{Heap after GC invocations=82 (full 0):
 garbage-first heap   total 247808K, used 164082K [0x0000000080000000, 0x0000000100000000)
  region size 1024K, 2 young (2048K), 2 survivors (2048K)
 Metaspace       used 115102K, committed 115904K, reserved 1179648K
  class space    used 15562K, committed 15936K, reserved 1048576K
}

